[q1, q2] =  0.39784431420445276 , 0.3592180563061145
pi/RT error =  7.444636418194396e-16
q_11
[0.010387869646415459, 0.33654489208290245]
fval
6.136897281740572e-14

q_12
[0.010995769011900289, 0.3527069442628656]
q_21
[0.02070187653994608, 0.3326604105278163]
q_22
[0.021910659357569355, 0.3484936740002944]
x_y =  0.2
x_P =  0.2
q_sol_P1
[0.01245067 0.335768  ]
q_sol_P2
[0.01317875 0.35186429]
q_sol = 
[0.01259629 0.33898725]
q_11
[0.010387869646415459, 0.33654489208290245]
q_12
[0.010995769011900289, 0.3527069442628656]
q_21
[0.02070187653994608, 0.3326604105278163]
q_22
[0.021910659357569355, 0.3484936740002944]

[[q_sol from interpolation]]
[0.01259629 0.33898725]
q_11T1
[0.010798297789723578, 0.3475114571595731]
q_12T1
[0.011421265531518772, 0.3637179686639182]
q_21T1
[0.02151796816636384, 0.34340607145524243]
q_22T1
[0.022756595517540525, 0.35926904013490724]
q_11T1
[0.010000754050227514, 0.32599648288635913]
q_12T2
[0.010593937384141357, 0.3420794609462214]
q_21T2
[0.019932058333878108, 0.3223163521510564]
q_22T2
[0.021111679163247663, 0.3380845633508149]
[[q_sol from interLinIAST2D]]
[0.01261028 0.3391912 ]
q_11T1
[0.010798297789723578, 0.3475114571595731]
q_12T1
[0.011421265531518772, 0.3637179686639182]
q_21T1
[0.02151796816636384, 0.34340607145524243]
q_22T1
[0.022756595517540525, 0.35926904013490724]
q_11T1
[0.010000754050227514, 0.32599648288635913]
q_12T2
[0.010593937384141357, 0.3420794609462214]
q_21T2
[0.019932058333878108, 0.3223163521510564]
q_22T2
[0.021111679163247663, 0.3380845633508149]
[[q_sol from interLinIAST3D]]
[0.01261028 0.3391912 ]
i_1 = 
239
i_2 = 
128
[[q1_sol]]
1.8494335591166773

[[q2_sol]]
0.01284838135024201
